18-11-15 19:23-INFO--已经绑定过设备,请在原设备运行脚本
18-11-15 19:23-INFO--第一次运行
18-11-15 19:23-INFO--可运行线程数:100
18-11-15 19:24-INFO--进入账号注册+发朋友圈模式
18-11-15 19:24-INFO-127.0.0.1:62001-暂时无可用号码,可尝试释放号码！101
18-11-15 19:24-INFO-127.0.0.1:62001-暂时无可用号码,可尝试释放号码！101
18-11-15 19:24-INFO-127.0.0.1:62001-暂时无可用号码,可尝试释放号码！101
18-11-15 19:24-INFO-127.0.0.1:62001-暂时无可用号码,可尝试释放号码！101
18-11-15 19:24-INFO--已经绑定该设备
18-11-15 19:24-INFO--可运行线程数:100
18-11-15 19:25-INFO--进入账号注册+发朋友圈模式
18-11-15 19:25-INFO-127.0.0.1:62001-获取到手机号码:17746354538
18-11-15 19:26-INFO--已经绑定该设备
18-11-15 19:26-INFO--可运行线程数:100
18-11-15 19:27-INFO--进入账号注册+发朋友圈模式
18-11-15 19:27-INFO-127.0.0.1:62001-获取到手机号码:13353710972
18-11-15 19:28-INFO-127.0.0.1:62001-账号注册失败
18-11-15 19:30-INFO--已经绑定该设备
18-11-15 19:30-INFO--可运行线程数:100
18-11-15 19:31-INFO--进入账号注册+发朋友圈模式
18-11-15 19:31-INFO-127.0.0.1:62001-获取到手机号码:13353964424
18-11-15 19:32-INFO-127.0.0.1:62001-IMEI:356845057678631
18-11-15 19:32-INFO-127.0.0.1:62001-MAC:cc:3a:61:aa:68:6d
18-11-15 19:32-INFO-127.0.0.1:62001-BRAND:samsung
18-11-15 19:55-INFO--已经绑定该设备
18-11-15 19:55-INFO--可运行线程数:100
18-11-15 19:55-INFO--进入账号注册+发朋友圈模式
18-11-15 19:55-INFO-127.0.0.1:62001-获取到手机号码:17335568009
18-11-15 19:56-INFO-Could not connect to port 4732 on host localhost
18-11-15 19:56-INFO-Could not get IP address for host: localhost
18-11-15 19:56-INFO-127.0.0.1:62001-账号注册失败
18-11-15 19:56-INFO-127.0.0.1:62001-获取到手机号码:17337649892
18-11-15 19:56-INFO-127.0.0.1:62001-IMEI:867306022602927
18-11-15 19:56-INFO-127.0.0.1:62001-MAC:dc:ce:bc:34:7:bd
18-11-15 19:56-INFO-127.0.0.1:62001-BRAND:innos
18-11-18 13:18-INFO--已经绑定过设备,请在原设备运行脚本
18-11-18 13:19-INFO--第一次运行
18-11-18 13:19-INFO--可运行线程数:100
18-11-18 13:19-INFO--进入账号注册+发朋友圈模式
18-11-18 13:19-INFO-53476787-获取到手机号码:13373929061
18-11-18 13:19-INFO-Could not connect to port 4732 on host localhost
18-11-18 13:19-INFO-Could not get IP address for host: localhost
18-11-18 13:19-WARNING-Retrying (Retry(total=2, connect=None, read=None, redirect=None, status=None)) after connection broken by 'NewConnectionError('<urllib3.connection.HTTPConnection object at 0x000000000403BA20>: Failed to establish a new connection: [Errno 10061] ',)': /wd/hub/session
18-11-18 13:19-INFO-Redirecting http://localhost:4732/wd/hub/session -> http://localhost:4732/wd/hub/session/00f3ec9e-e294-4ba0-973a-39140a099b2a
18-11-18 13:19-INFO-53476787-账号注册失败
18-11-18 13:19-INFO-53476787-获取到手机号码:17772879183
18-11-18 13:20-INFO--已经绑定该设备
18-11-18 13:20-INFO--可运行线程数:100
18-11-18 13:21-INFO--进入账号注册+发朋友圈模式
18-11-18 13:21-INFO-53476787-发现异常,重新注册
18-11-18 13:21-INFO-53476787-发现异常,重新注册
18-11-18 13:21-INFO-53476787-发现异常,重新注册
18-11-18 13:21-INFO-53476787-发现异常,重新注册
18-11-18 13:21-INFO-53476787-发现异常,重新注册
18-11-18 13:21-INFO-53476787-发现异常,重新注册
18-11-18 13:21-INFO-53476787-获取到手机号码:17739647054
18-11-18 13:21-INFO-Redirecting http://127.0.0.1:4732/wd/hub/session -> http://127.0.0.1:4732/wd/hub/session/ec685953-1c2d-4dfb-a3eb-7075c718b69d
18-11-18 13:22-INFO-53476787-IMEI:354578071470816
18-11-18 13:22-INFO-53476787-MAC:f8:32:e4:59:61:4a
18-11-18 13:22-INFO-53476787-BRAND:asus
18-11-18 13:22-INFO-53476787-点击注册
18-11-18 13:22-INFO-53476787-输入昵称
18-11-18 13:22-INFO-53476787-清空手机号码
18-11-18 13:23-INFO-53476787-输入手机号码:17739647054
18-11-18 13:24-INFO--已经绑定该设备
18-11-18 13:24-INFO--可运行线程数:100
18-11-18 13:24-INFO--进入账号注册+发朋友圈模式
18-11-18 13:24-INFO-53476787-发现异常,重新注册
18-11-18 13:24-INFO-53476787-发现异常,重新注册
18-11-18 13:24-INFO-53476787-发现异常,重新注册
18-11-18 13:24-INFO-53476787-发现异常,重新注册
18-11-18 13:24-INFO-53476787-发现异常,重新注册
18-11-18 13:24-INFO-53476787-发现异常,重新注册
18-11-18 13:25-INFO-53476787-发现异常,重新注册
18-11-18 13:25-INFO-53476787-发现异常,重新注册
18-11-18 13:25-INFO-53476787-发现异常,重新注册
18-11-18 13:25-INFO-53476787-发现异常,重新注册
18-11-18 13:25-INFO-53476787-发现异常,重新注册
18-11-18 13:25-INFO-53476787-发现异常,重新注册
18-11-18 13:25-INFO-53476787-发现异常,重新注册
18-11-18 13:25-INFO--已经绑定该设备
18-11-18 13:25-INFO--可运行线程数:100
18-11-18 13:26-INFO--已经绑定该设备
18-11-18 13:26-INFO--可运行线程数:100
18-11-18 13:26-INFO--进入发文字朋友圈模式
18-11-18 13:26-INFO-53476787设备找到1个数据
18-11-18 13:26-INFO-53476787-发现异常
18-11-18 13:27-INFO--已经绑定该设备
18-11-18 13:27-INFO--可运行线程数:100
18-11-18 13:27-INFO--进入账号注册+发朋友圈模式
18-11-18 13:27-INFO-53476787-发现异常,重新注册
18-11-18 13:27-INFO-53476787-发现异常,重新注册
18-11-18 13:27-INFO-53476787-发现异常,重新注册
18-11-18 13:27-INFO-53476787-发现异常,重新注册
18-11-18 13:27-INFO-53476787-发现异常,重新注册
18-11-18 13:27-INFO-53476787-发现异常,重新注册
18-11-18 13:28-INFO-53476787-获取到手机号码:17737220370
18-11-18 13:28-INFO-Redirecting http://127.0.0.1:4732/wd/hub/session -> http://127.0.0.1:4732/wd/hub/session/50571e15-9442-44ae-b54e-574c14d22990
18-11-18 13:28-INFO-53476787-IMEI:990005678466328
18-11-18 13:28-INFO-53476787-MAC:18:59:36:6e:e3:74
18-11-18 13:28-INFO-53476787-BRAND:Xiaomi
18-11-18 13:28-INFO-53476787-点击注册
18-11-18 13:28-INFO-53476787-输入昵称
18-11-18 13:29-INFO-53476787-清空手机号码
18-11-18 13:29-INFO-53476787-输入手机号码:17737220370
18-11-18 13:29-INFO-53476787-输入密码:b8d3jh9a
18-11-18 13:29-INFO-53476787-点击注册
18-11-18 13:30-INFO--已经绑定该设备
18-11-18 13:30-INFO--可运行线程数:100
18-11-18 13:30-INFO--进入账号注册+发朋友圈模式
18-11-18 13:30-INFO-53476787-获取不到手机号码
18-11-18 13:31-INFO-53476787-获取不到手机号码
18-11-18 13:52-INFO--已经绑定该设备
18-11-18 13:52-INFO--可运行线程数:100
18-11-18 13:52-INFO--进入账号注册+发朋友圈模式
18-11-18 13:52-INFO-53476787-发现异常,重新注册
18-11-18 13:52-INFO-53476787-发现异常,重新注册
18-11-18 13:52-INFO-53476787-发现异常,重新注册
18-11-18 13:53-INFO--已经绑定该设备
18-11-18 13:53-INFO--可运行线程数:100
18-11-18 13:53-INFO--进入账号注册+发朋友圈模式
18-11-18 13:53-INFO-53476787-获取不到手机号码
18-11-18 13:54-INFO-1
18-11-18 13:54-INFO-1
18-11-18 13:54-INFO-1
18-11-18 13:54-INFO-1
18-11-18 13:54-INFO-1
18-11-18 13:54-INFO-1
18-11-18 13:54-INFO-1
18-11-18 13:54-INFO-1
18-11-18 13:54-INFO-1
18-11-18 13:54-INFO-1
18-11-18 13:54-INFO-1
18-11-18 13:54-INFO-1
18-11-18 13:54-INFO-1
18-11-18 13:54-INFO-1
18-11-18 13:54-INFO-1
18-11-18 13:54-INFO-1
18-11-18 13:54-INFO-1
18-11-18 13:54-INFO-1
18-11-18 13:54-INFO-1
18-11-18 13:54-INFO-1
18-11-18 13:54-INFO-1
18-11-18 13:54-INFO-1
18-11-18 13:54-INFO-1
18-11-18 13:54-INFO-1
18-11-18 13:54-INFO-1
18-11-18 13:54-INFO-1
18-11-18 13:54-INFO-1
18-11-18 13:54-INFO-1
18-11-18 13:54-INFO-1
18-11-18 13:54-INFO-1
18-11-18 13:54-INFO-1
18-11-18 13:54-INFO-1
18-11-18 13:54-INFO-1
18-11-18 13:54-INFO-1
18-11-18 13:54-INFO-1
18-11-18 13:54-INFO-1
18-11-18 13:54-INFO-1
18-11-18 13:54-INFO-1
18-11-18 13:54-INFO-1
18-11-18 13:54-INFO-1
18-11-18 13:54-INFO-1
18-11-18 13:54-INFO-1
18-11-18 13:54-INFO-1
18-11-18 13:54-INFO-1
18-11-18 13:54-INFO-1
18-11-18 13:54-INFO-1
18-11-18 13:54-INFO-1
18-11-18 13:54-INFO-1
18-11-18 13:54-INFO-1
18-11-18 13:54-INFO-1
18-11-18 13:54-INFO-1
18-11-18 13:54-INFO-1
18-11-18 13:54-INFO-1
18-11-18 13:54-INFO-1
18-11-18 13:54-INFO-1
18-11-18 13:54-INFO-1
18-11-18 13:54-INFO-1
18-11-18 13:54-INFO-1
18-11-18 13:54-INFO-1
18-11-18 13:54-INFO-1
18-11-18 13:54-INFO-1
18-11-18 13:54-INFO-1
18-11-18 13:54-INFO-1
18-11-18 13:54-INFO-1
18-11-18 13:54-INFO-1
18-11-18 13:54-INFO-1
18-11-18 13:54-INFO-1
18-11-18 13:54-INFO-1
18-11-18 13:54-INFO-1
18-11-18 13:54-INFO-1
18-11-18 13:54-INFO-1
18-11-18 13:54-INFO-1
18-11-18 13:55-INFO-1
18-11-18 13:55-INFO-1
18-11-18 13:55-INFO-1
18-11-18 13:55-INFO-1
18-11-18 13:55-INFO-1
18-11-18 13:55-INFO-1
18-11-18 13:55-INFO-1
18-11-18 13:55-INFO-1
18-11-18 13:55-INFO-1
18-11-18 13:55-INFO-1
18-11-18 13:55-INFO-1
18-11-18 13:55-INFO-1
18-11-18 13:55-INFO-1
18-11-18 13:55-INFO-1
18-11-18 13:55-INFO-1
18-11-18 13:55-INFO-1
18-11-18 13:55-INFO-1
18-11-18 13:55-INFO-1
18-11-18 13:55-INFO-1
18-11-18 13:55-INFO-1
18-11-18 13:55-INFO-1
18-11-18 13:55-INFO-1
18-11-18 13:55-INFO-1
18-11-18 13:55-INFO-1
18-11-18 13:55-INFO-1
18-11-18 13:55-INFO-1
18-11-18 13:55-INFO-1
18-11-18 13:55-INFO-1
18-11-18 13:55-INFO-1
18-11-18 13:55-INFO-1
18-11-18 13:55-INFO-1
18-11-18 13:55-INFO-1
18-11-18 13:55-INFO-1
18-11-18 13:55-INFO-1
18-11-18 13:55-INFO-1
18-11-18 13:55-INFO-1
18-11-18 13:55-INFO-1
18-11-18 13:55-INFO-1
18-11-18 13:55-INFO-1
18-11-18 13:55-INFO-1
18-11-18 13:55-INFO-1
18-11-18 13:55-INFO-1
18-11-18 13:55-INFO-1
18-11-18 13:55-INFO-1
18-11-18 13:55-INFO-1
18-11-18 13:55-INFO-1
18-11-18 13:55-INFO-1
18-11-18 13:55-INFO-1
18-11-18 13:55-INFO-1
18-11-18 13:55-INFO-1
18-11-18 13:55-INFO-1
18-11-18 13:55-INFO-1
18-11-18 13:55-INFO-1
18-11-18 13:55-INFO-1
18-11-18 13:55-INFO-1
18-11-18 13:55-INFO-1
18-11-18 13:55-INFO-1
18-11-18 13:55-INFO-1
18-11-18 13:55-INFO-1
18-11-18 13:55-INFO-1
18-11-18 13:55-INFO-1
18-11-18 13:55-INFO-1
18-11-18 13:55-INFO-1
18-11-18 13:55-INFO-1
18-11-18 13:55-INFO-1
18-11-18 13:55-INFO-1
18-11-18 13:55-INFO-1
18-11-18 13:55-INFO-1
18-11-18 13:55-INFO-1
18-11-18 13:55-INFO-1
18-11-18 13:55-INFO-1
18-11-18 13:55-INFO-1
18-11-18 13:55-INFO-1
18-11-18 13:55-INFO-1
18-11-18 13:55-INFO-1
18-11-18 13:57-INFO--已经绑定该设备
18-11-18 13:57-INFO--可运行线程数:100
18-11-18 13:57-INFO--已经绑定该设备
18-11-18 13:57-INFO--可运行线程数:100
18-11-18 13:57-INFO--进入账号注册+发朋友圈模式
18-11-18 13:57-INFO-53476787未检测到手机连接
18-11-18 13:57-INFO-53476787未检测到手机连接
18-11-18 13:57-INFO-53476787未检测到手机连接
18-11-18 13:57-INFO-53476787未检测到手机连接
18-11-18 13:57-INFO-53476787未检测到手机连接
18-11-18 13:57-INFO-53476787未检测到手机连接
18-11-18 13:57-INFO-53476787未检测到手机连接
18-11-18 13:57-INFO-53476787未检测到手机连接
18-11-18 13:57-INFO-53476787未检测到手机连接
18-11-18 13:57-INFO-53476787未检测到手机连接
18-11-18 13:57-INFO-53476787未检测到手机连接
18-11-18 13:57-INFO-53476787未检测到手机连接
18-11-18 13:57-INFO-53476787未检测到手机连接
18-11-18 13:57-INFO-53476787未检测到手机连接
18-11-18 13:57-INFO-53476787未检测到手机连接
18-11-18 13:57-INFO-53476787未检测到手机连接
18-11-18 13:57-INFO-53476787未检测到手机连接
18-11-18 13:57-INFO-53476787未检测到手机连接
18-11-18 13:57-INFO-53476787未检测到手机连接
18-11-18 13:57-INFO-53476787未检测到手机连接
18-11-18 13:57-INFO-53476787未检测到手机连接
18-11-18 13:57-INFO-53476787未检测到手机连接
18-11-18 13:57-INFO-53476787未检测到手机连接
18-11-18 13:57-INFO-53476787未检测到手机连接
18-11-18 13:57-INFO-53476787未检测到手机连接
18-11-18 13:57-INFO-53476787未检测到手机连接
18-11-18 13:57-INFO-53476787未检测到手机连接
18-11-18 13:57-INFO-53476787未检测到手机连接
18-11-18 13:57-INFO-53476787未检测到手机连接
18-11-18 13:57-INFO-53476787未检测到手机连接
18-11-18 13:57-INFO-53476787未检测到手机连接
18-11-18 13:57-INFO-53476787未检测到手机连接
18-11-18 13:57-INFO-53476787未检测到手机连接
18-11-18 13:57-INFO-53476787未检测到手机连接
18-11-18 13:57-INFO-53476787未检测到手机连接
18-11-18 13:57-INFO-53476787未检测到手机连接
18-11-18 13:57-INFO-53476787未检测到手机连接
18-11-18 13:57-INFO-53476787未检测到手机连接
18-11-18 13:57-INFO-53476787未检测到手机连接
18-11-18 13:57-INFO-53476787未检测到手机连接
18-11-18 13:57-INFO-53476787未检测到手机连接
18-11-18 13:57-INFO-53476787未检测到手机连接
18-11-18 13:57-INFO-53476787未检测到手机连接
18-11-18 13:57-INFO-53476787未检测到手机连接
18-11-18 13:57-INFO-53476787未检测到手机连接
18-11-18 13:57-INFO-53476787未检测到手机连接
18-11-18 13:57-INFO-53476787未检测到手机连接
18-11-18 13:57-INFO-53476787未检测到手机连接
18-11-18 13:57-INFO-53476787未检测到手机连接
18-11-18 13:57-INFO-53476787未检测到手机连接
18-11-18 13:57-INFO-53476787未检测到手机连接
18-11-18 13:57-INFO-53476787未检测到手机连接
18-11-18 13:57-INFO-53476787未检测到手机连接
18-11-18 13:57-INFO-53476787未检测到手机连接
18-11-18 13:57-INFO-53476787未检测到手机连接
18-11-18 13:57-INFO-53476787未检测到手机连接
18-11-18 13:57-INFO-53476787未检测到手机连接
18-11-18 13:57-INFO-53476787未检测到手机连接
18-11-18 13:57-INFO-53476787未检测到手机连接
18-11-18 13:57-INFO-53476787未检测到手机连接
18-11-18 13:57-INFO-53476787未检测到手机连接
18-11-18 13:57-INFO-53476787未检测到手机连接
18-11-18 13:57-INFO-53476787未检测到手机连接
18-11-18 13:57-INFO-53476787未检测到手机连接
18-11-18 13:57-INFO-53476787未检测到手机连接
18-11-18 13:57-INFO-53476787未检测到手机连接
18-11-18 13:57-INFO-53476787未检测到手机连接
18-11-18 13:57-INFO-53476787未检测到手机连接
18-11-18 13:57-INFO-53476787未检测到手机连接
18-11-18 13:57-INFO-53476787未检测到手机连接
18-11-18 13:57-INFO-53476787未检测到手机连接
18-11-18 13:57-INFO-53476787未检测到手机连接
18-11-18 13:57-INFO-53476787未检测到手机连接
18-11-18 13:57-INFO-53476787未检测到手机连接
18-11-18 13:57-INFO-53476787未检测到手机连接
18-11-18 13:57-INFO-53476787未检测到手机连接
18-11-18 13:57-INFO-53476787未检测到手机连接
18-11-18 13:57-INFO-53476787未检测到手机连接
18-11-18 13:57-INFO-53476787未检测到手机连接
18-11-18 13:57-INFO-53476787未检测到手机连接
18-11-18 13:57-INFO-53476787未检测到手机连接
18-11-18 13:57-INFO-53476787未检测到手机连接
18-11-18 13:57-INFO-53476787未检测到手机连接
18-11-18 13:57-INFO-53476787未检测到手机连接
18-11-18 13:57-INFO-53476787未检测到手机连接
18-11-18 13:57-INFO-53476787未检测到手机连接
18-11-18 13:57-INFO-53476787未检测到手机连接
18-11-18 13:57-INFO-53476787未检测到手机连接
18-11-18 13:57-INFO-53476787未检测到手机连接
18-11-18 13:57-INFO-53476787未检测到手机连接
18-11-18 13:57-INFO-53476787未检测到手机连接
18-11-18 13:57-INFO-53476787未检测到手机连接
18-11-18 13:57-INFO-53476787未检测到手机连接
18-11-18 13:57-INFO-53476787未检测到手机连接
18-11-18 13:57-INFO-53476787未检测到手机连接
18-11-18 13:57-INFO-53476787未检测到手机连接
18-11-18 13:57-INFO-53476787未检测到手机连接
18-11-18 13:57-INFO-53476787未检测到手机连接
18-11-18 13:57-INFO-53476787未检测到手机连接
18-11-18 13:57-INFO-53476787未检测到手机连接
18-11-18 13:57-INFO-53476787未检测到手机连接
18-11-18 13:57-INFO-53476787未检测到手机连接
18-11-18 13:57-INFO-53476787未检测到手机连接
18-11-18 13:57-INFO-53476787未检测到手机连接
18-11-18 13:57-INFO-53476787未检测到手机连接
18-11-18 13:57-INFO-53476787未检测到手机连接
18-11-18 13:57-INFO-53476787未检测到手机连接
18-11-18 13:57-INFO-53476787未检测到手机连接
18-11-18 13:57-INFO-53476787未检测到手机连接
18-11-18 13:57-INFO-53476787未检测到手机连接
18-11-18 13:57-INFO-53476787未检测到手机连接
18-11-18 13:57-INFO-53476787未检测到手机连接
18-11-18 13:57-INFO-53476787未检测到手机连接
18-11-18 13:57-INFO-53476787未检测到手机连接
18-11-18 13:57-INFO-53476787未检测到手机连接
18-11-18 13:57-INFO-53476787未检测到手机连接
18-11-18 13:57-INFO-53476787未检测到手机连接
18-11-18 13:57-INFO-53476787未检测到手机连接
18-11-18 13:57-INFO-53476787未检测到手机连接
18-11-18 13:57-INFO-53476787未检测到手机连接
18-11-18 13:57-INFO-53476787未检测到手机连接
18-11-18 13:57-INFO-53476787未检测到手机连接
18-11-18 13:57-INFO-53476787未检测到手机连接
18-11-18 13:57-INFO-53476787未检测到手机连接
18-11-18 13:57-INFO-53476787未检测到手机连接
18-11-18 13:57-INFO-53476787未检测到手机连接
18-11-18 13:57-INFO-53476787未检测到手机连接
18-11-18 13:57-INFO-53476787未检测到手机连接
18-11-18 13:57-INFO-53476787未检测到手机连接
18-11-18 13:57-INFO-53476787未检测到手机连接
18-11-18 13:57-INFO-53476787未检测到手机连接
18-11-18 13:57-INFO-53476787未检测到手机连接
18-11-18 13:57-INFO-53476787未检测到手机连接
18-11-18 13:57-INFO-53476787未检测到手机连接
18-11-18 13:57-INFO-53476787未检测到手机连接
18-11-18 13:57-INFO-53476787未检测到手机连接
18-11-18 13:57-INFO-53476787未检测到手机连接
18-11-18 13:57-INFO-53476787未检测到手机连接
18-11-18 13:57-INFO-53476787未检测到手机连接
18-11-18 13:57-INFO-53476787未检测到手机连接
18-11-18 13:57-INFO-53476787未检测到手机连接
18-11-18 13:57-INFO-53476787未检测到手机连接
18-11-18 13:57-INFO-53476787未检测到手机连接
18-11-18 13:57-INFO-53476787未检测到手机连接
18-11-18 13:57-INFO-53476787未检测到手机连接
18-11-18 13:57-INFO-53476787未检测到手机连接
18-11-18 13:57-INFO-53476787未检测到手机连接
18-11-18 13:57-INFO-53476787未检测到手机连接
18-11-18 13:57-INFO-53476787未检测到手机连接
18-11-18 13:57-INFO-53476787未检测到手机连接
18-11-18 13:57-INFO-53476787未检测到手机连接
18-11-18 13:57-INFO-53476787未检测到手机连接
18-11-18 13:57-INFO-53476787未检测到手机连接
18-11-18 13:57-INFO-53476787未检测到手机连接
18-11-18 13:57-INFO-53476787未检测到手机连接
18-11-18 13:57-INFO-53476787未检测到手机连接
18-11-18 13:57-INFO-53476787未检测到手机连接
18-11-18 13:57-INFO-53476787未检测到手机连接
18-11-18 13:57-INFO-53476787未检测到手机连接
18-11-18 13:57-INFO-53476787未检测到手机连接
18-11-18 13:57-INFO-53476787未检测到手机连接
18-11-18 13:57-INFO-53476787未检测到手机连接
18-11-18 13:57-INFO-53476787未检测到手机连接
18-11-18 13:57-INFO-53476787未检测到手机连接
18-11-18 13:57-INFO-53476787未检测到手机连接
18-11-18 13:57-INFO-53476787未检测到手机连接
18-11-18 13:57-INFO-53476787未检测到手机连接
18-11-18 13:57-INFO-53476787未检测到手机连接
18-11-18 13:57-INFO-53476787未检测到手机连接
18-11-18 13:57-INFO-53476787未检测到手机连接
18-11-18 13:57-INFO-53476787未检测到手机连接
18-11-18 13:57-INFO-53476787未检测到手机连接
18-11-18 13:57-INFO-53476787未检测到手机连接
18-11-18 13:57-INFO-53476787未检测到手机连接
18-11-18 13:57-INFO-53476787未检测到手机连接
18-11-18 13:58-INFO--已经绑定该设备
18-11-18 13:58-INFO--可运行线程数:100
18-11-18 13:59-INFO--进入账号注册+发朋友圈模式
18-11-18 13:59-INFO-53476787未检测到手机连接
18-11-18 13:59-INFO-53476787未检测到手机连接
18-11-18 13:59-INFO-53476787未检测到手机连接
18-11-18 13:59-INFO-53476787未检测到手机连接
18-11-18 13:59-INFO--已经绑定该设备
18-11-18 13:59-INFO--可运行线程数:100
18-11-18 14:00-INFO--进入账号注册+发朋友圈模式
18-11-18 14:00-INFO-53476787未检测到手机连接
18-11-18 14:00-INFO-53476787未检测到手机连接
18-11-18 14:00-INFO-53476787-获取到手机号码:13383873742
18-11-18 14:00-INFO-Redirecting http://127.0.0.1:4732/wd/hub/session -> http://127.0.0.1:4732/wd/hub/session/d904804f-3a97-4c82-874c-a13a666aaf2b
18-11-18 14:00-INFO-53476787-IMEI:356517051616491
18-11-18 14:00-INFO-53476787-MAC:f0:72:8c:d1:d4:32
18-11-18 14:00-INFO-53476787-BRAND:samsung
18-11-18 14:01-INFO-53476787-点击注册
18-11-18 14:02-INFO--已经绑定该设备
18-11-18 14:02-INFO--可运行线程数:100
18-11-18 14:02-INFO--进入账号注册+发朋友圈模式
18-11-18 14:02-INFO-53476787-获取到手机号码:18037985293
18-11-18 14:03-INFO-Redirecting http://127.0.0.1:4732/wd/hub/session -> http://127.0.0.1:4732/wd/hub/session/41fea3bc-c3b1-4a39-a19d-d8fe6fa0854d
18-11-18 14:03-INFO-53476787-IMEI:863170026900982
18-11-18 14:03-INFO-53476787-MAC:18:dc:56:23:cd:36
18-11-18 14:03-INFO-53476787-BRAND:Coolpad
18-11-18 14:03-INFO-53476787-点击注册
18-11-18 14:03-INFO-53476787-输入昵称
18-11-18 14:03-INFO-53476787-清空手机号码
18-11-18 14:03-INFO-53476787-输入手机号码:18037985293
18-11-18 14:04-INFO-53476787-输入密码:09xw8f2a
18-11-18 14:04-INFO-53476787-点击注册
18-11-18 14:04-INFO-53476787-同意协议
18-11-18 14:04-INFO-53476787同意协议未出现下一步,重新注册
18-11-18 14:04-INFO-53476787-账号注册失败
18-11-18 14:04-INFO-53476787-获取到手机号码:17729751841
18-11-18 14:05-INFO-Redirecting http://127.0.0.1:4732/wd/hub/session -> http://127.0.0.1:4732/wd/hub/session/c1165550-84da-421b-825e-2bea3c269d0c
18-11-18 14:06-INFO--已经绑定该设备
18-11-18 14:06-INFO--可运行线程数:100
18-11-18 14:06-INFO--进入账号注册+发朋友圈模式
18-11-18 14:06-INFO-53476787-获取到手机号码:17719951629
18-11-18 14:06-INFO-Redirecting http://127.0.0.1:4732/wd/hub/session -> http://127.0.0.1:4732/wd/hub/session/f5047311-6ccb-4e44-b6ee-6250efa34a3b
18-11-18 14:06-INFO-53476787-IMEI:356517054434264
18-11-18 14:06-INFO-53476787-MAC:f0:72:8c:9:d8:43
18-11-18 14:06-INFO-53476787-BRAND:samsung
18-11-18 14:07-INFO-53476787-点击注册
18-11-18 14:07-INFO-53476787-输入昵称
18-11-18 14:07-INFO-53476787-清空手机号码
18-11-18 14:07-INFO-53476787-输入手机号码:17719951629
18-11-18 14:07-INFO-53476787-输入密码:45d8915a
18-11-18 14:07-INFO-53476787未检测到手机连接
18-11-18 14:10-INFO--已经绑定该设备
18-11-18 14:10-INFO--可运行线程数:100
18-11-18 14:10-INFO--进入账号注册+发朋友圈模式
18-11-18 14:10-INFO-53476787-获取不到手机号码
18-11-18 14:10-INFO-53476787-获取不到手机号码
18-11-18 14:10-INFO-53476787-获取不到手机号码
18-11-18 14:12-INFO--已经绑定该设备
18-11-18 14:12-INFO--可运行线程数:100
18-11-18 14:13-INFO--进入账号注册+发朋友圈模式
18-11-18 14:13-INFO-53476787-获取不到手机号码
18-11-18 14:14-INFO--已经绑定该设备
18-11-18 14:14-INFO--可运行线程数:100
18-11-18 14:14-INFO--进入账号注册+发朋友圈模式
18-11-18 14:14-INFO-53476787-获取不到手机号码
18-11-18 14:15-INFO-53476787-获取不到手机号码
18-11-18 14:15-INFO-53476787-获取到手机号码:17739175593
18-11-18 14:15-INFO-Redirecting http://127.0.0.1:4732/wd/hub/session -> http://127.0.0.1:4732/wd/hub/session/e81102a6-74dd-40e3-8496-8498a8e9daeb
18-11-18 14:15-INFO-53476787-IMEI:863170021550287
18-11-18 14:15-INFO-53476787-MAC:18:dc:56:62:49:9e
18-11-18 14:15-INFO-53476787-BRAND:Coolpad
18-11-18 14:16-INFO-53476787-点击注册
18-11-18 14:16-INFO-53476787-输入昵称
18-11-18 14:16-INFO-53476787-清空手机号码
18-11-18 14:16-INFO-53476787-输入手机号码:17739175593
18-11-18 14:16-INFO-53476787-输入密码:epcupm9a
18-11-18 14:16-INFO-53476787-点击注册
18-11-18 14:16-INFO-53476787-同意协议
18-11-18 14:17-INFO-53476787-同意协议
18-11-18 14:19-INFO--已经绑定该设备
18-11-18 14:19-INFO--可运行线程数:100
18-11-18 14:19-INFO--进入账号注册+发朋友圈模式
18-11-18 14:20-INFO-53476787-获取到手机号码:18039946750
18-11-18 14:20-INFO-Redirecting http://127.0.0.1:4732/wd/hub/session -> http://127.0.0.1:4732/wd/hub/session/53e08caf-eb4f-4693-bf19-2722cf4e910d
18-11-18 14:20-INFO-53476787-IMEI:862255035776928
18-11-18 14:20-INFO-53476787-MAC:a4:44:d1:e9:e4:2
18-11-18 14:20-INFO-53476787-BRAND:Meizu
18-11-18 14:20-INFO-53476787-点击注册
18-11-18 14:20-INFO-53476787-输入昵称
18-11-18 14:20-INFO-53476787-清空手机号码
18-11-18 14:21-INFO-53476787-输入手机号码:18039946750
18-11-18 14:21-INFO-53476787-输入密码:rss8we9a
18-11-18 14:21-INFO-53476787-点击注册
18-11-18 14:21-INFO-53476787-同意协议
18-11-18 14:21-INFO-53476787-同意协议
18-11-18 14:23-INFO--已经绑定该设备
18-11-18 14:23-INFO--可运行线程数:100
18-11-18 14:24-INFO--进入账号注册+发朋友圈模式
18-11-18 14:24-INFO-53476787-获取到手机号码:17337219879
18-11-18 14:24-INFO-Redirecting http://127.0.0.1:4732/wd/hub/session -> http://127.0.0.1:4732/wd/hub/session/95d4893e-f970-43ef-95b3-f865addbcc05
18-11-18 14:25-INFO-53476787-IMEI:862872022372600
18-11-18 14:25-INFO-53476787-MAC:c8:dd:c9:74:24:a6
18-11-18 14:25-INFO-53476787-BRAND:Lenovo
18-11-18 14:25-INFO-53476787-点击注册
18-11-18 14:25-INFO-53476787-输入昵称
18-11-18 14:25-INFO-53476787-清空手机号码
18-11-18 14:25-INFO-53476787-输入手机号码:17337219879
18-11-18 14:25-INFO-53476787-输入密码:vv9vra1a
18-11-18 14:25-INFO-53476787-点击注册
18-11-18 14:26-INFO-53476787-同意协议
18-11-18 14:26-INFO-53476787-同意协议
18-11-18 14:27-INFO-53476787-账号注册失败
18-11-18 14:27-INFO-53476787-获取到手机号码:18939437809
18-11-18 14:27-INFO-Could not connect to port 4732 on host localhost
18-11-18 14:27-INFO-Could not get IP address for host: localhost
18-11-18 14:27-WARNING-Retrying (Retry(total=2, connect=None, read=None, redirect=None, status=None)) after connection broken by 'NewConnectionError('<urllib3.connection.HTTPConnection object at 0x0000000004D442E8>: Failed to establish a new connection: [Errno 10061] ',)': /wd/hub/session
18-11-18 14:27-WARNING-Retrying (Retry(total=1, connect=None, read=None, redirect=None, status=None)) after connection broken by 'NewConnectionError('<urllib3.connection.HTTPConnection object at 0x0000000004D443C8>: Failed to establish a new connection: [Errno 10061] ',)': /wd/hub/session
18-11-18 14:31-INFO--已经绑定该设备
18-11-18 14:31-INFO--可运行线程数:100
18-11-18 14:32-INFO--进入账号注册+发朋友圈模式
18-11-18 14:32-INFO-53476787-获取到手机号码:17337415785
18-11-18 14:32-INFO-Redirecting http://127.0.0.1:4732/wd/hub/session -> http://127.0.0.1:4732/wd/hub/session/5a367bf3-4319-443f-9070-7443a5fb44d9
18-11-18 14:33-INFO-53476787-IMEI:359274074559210
18-11-18 14:33-INFO-53476787-MAC:50:9e:a7:ca:9e:6
18-11-18 14:33-INFO-53476787-BRAND:samsung
18-11-18 14:33-INFO-53476787-点击注册
18-11-18 14:33-INFO-53476787-输入昵称
18-11-18 14:33-INFO-53476787-清空手机号码
18-11-18 14:33-INFO-53476787-输入手机号码:17337415785
18-11-18 14:33-INFO-53476787-输入密码:m4ft967a
18-11-18 14:33-INFO-53476787-点击注册
18-11-18 14:34-INFO-53476787-同意协议
18-11-18 14:34-INFO-53476787-同意协议
18-11-18 14:35-INFO--已经绑定该设备
18-11-18 14:35-INFO--可运行线程数:100
18-11-18 14:35-INFO--进入账号注册+发朋友圈模式
18-11-18 14:35-INFO-53476787-获取到手机号码:17329290337
18-11-18 14:35-INFO-Redirecting http://127.0.0.1:4732/wd/hub/session -> http://127.0.0.1:4732/wd/hub/session/7fb607a2-d9f0-4256-80b4-edb3e7d673d4
18-11-18 14:36-INFO-53476787-账号注册失败
18-11-18 14:36-INFO-53476787-获取到手机号码:17339565794
18-11-18 14:36-INFO-Redirecting http://127.0.0.1:4732/wd/hub/session -> http://127.0.0.1:4732/wd/hub/session/c91a5503-6127-4ce6-a6b8-34f121730c8e
18-11-18 14:37-INFO-53476787-IMEI:356517053188929
18-11-18 14:37-INFO-53476787-MAC:f0:72:8c:de:72:87
18-11-18 14:37-INFO-53476787-BRAND:samsung
18-11-18 14:37-INFO-53476787-点击注册
18-11-18 14:37-INFO-53476787-输入昵称
18-11-18 14:37-INFO-53476787-清空手机号码
18-11-18 14:38-INFO-53476787-输入手机号码:17339565794
18-11-18 14:38-INFO-53476787-输入密码:0c70591a
18-11-18 14:38-INFO-53476787-点击注册
18-11-18 14:38-INFO-53476787-同意协议
18-11-18 14:38-INFO-53476787-同意协议
18-11-18 14:39-INFO-53476787-进入滑图页面
18-11-18 14:39-INFO-53476787-跳转到二维码页面
18-11-18 14:39-INFO-53476787-未跳码成功,重新注册!
18-11-18 14:39-INFO-53476787-账号注册失败
18-11-18 14:43-INFO--已经绑定该设备
18-11-18 14:43-INFO--可运行线程数:100
18-11-18 14:44-INFO--进入账号注册+发朋友圈模式
18-11-18 14:44-INFO-53476787-获取不到手机号码
18-11-18 14:44-INFO-53476787-获取不到手机号码
18-11-18 14:44-INFO-53476787-获取不到手机号码
18-11-18 14:44-INFO-53476787-获取不到手机号码
18-11-18 20:06-INFO-945f3978-获取到手机号码:17303987896
18-11-18 20:24-INFO-945f3978-获取到手机号码:17716272143
18-11-21 15:51-INFO--第一次运行
18-11-21 15:51-INFO--可运行线程数:100
18-11-21 16:16-INFO-53476787-appium服务端未开启,请检查
18-11-21 16:19-INFO-Could not connect to port 4713 on host localhost
18-11-21 16:19-INFO-Could not get IP address for host: localhost
18-11-21 16:19-INFO-127.0.0.1:62001-appium服务端未开启,请检查
18-11-21 16:25-INFO-127.0.0.1:62001-appium服务端未开启,请检查
18-11-21 16:25-INFO-127.0.0.1:62001-appium服务端未开启,请检查
18-11-21 16:25-INFO-127.0.0.1:62001-appium服务端未开启,请检查
18-11-21 16:25-INFO-127.0.0.1:62001-appium服务端未开启,请检查
18-11-21 16:26-INFO-127.0.0.1:62001-appium服务端未开启,请检查
18-11-21 16:27-INFO-Could not connect to port 4713 on host localhost
18-11-21 16:27-INFO-Could not get IP address for host: localhost
18-11-21 17:06-INFO-Could not connect to port 4713 on host localhost
18-11-21 17:06-INFO-Could not get IP address for host: localhost
18-11-21 17:06-INFO-127.0.0.1:62001-appium服务端未开启,请检查
18-11-21 17:08-INFO-Could not connect to port 4723 on host localhost
18-11-21 17:08-INFO-Could not get IP address for host: localhost
18-11-21 17:08-INFO-127.0.0.1:62001-appium服务端未开启,请检查
